TN:
SF:src/server.js
FN:19,(anonymous_0)
FN:43,(anonymous_1)
FN:45,(anonymous_2)
FNF:3
FNH:1
FNDA:1,(anonymous_0)
FNDA:0,(anonymous_1)
FNDA:0,(anonymous_2)
DA:3,1
DA:4,1
DA:5,1
DA:7,1
DA:8,1
DA:9,1
DA:11,1
DA:12,1
DA:13,1
DA:15,1
DA:19,1
DA:20,1
DA:24,1
DA:25,1
DA:27,1
DA:29,1
DA:31,1
DA:34,1
DA:35,1
DA:36,1
DA:38,1
DA:39,1
DA:41,1
DA:44,0
DA:45,0
LF:25
LH:23
BRDA:44,0,0,0
BRDA:44,0,1,0
BRF:2
BRH:0
end_of_record
TN:
SF:src/error-handlers/404.js
FN:10,handle404
FNF:1
FNH:1
FNDA:1,handle404
DA:12,1
DA:17,1
DA:20,1
LF:3
LH:3
BRF:0
BRH:0
end_of_record
TN:
SF:src/error-handlers/500.js
FN:12,(anonymous_0)
FNF:1
FNH:0
FNDA:0,(anonymous_0)
DA:12,1
DA:15,0
DA:17,0
DA:21,0
LF:4
LH:1
BRDA:15,0,0,0
BRDA:15,0,1,0
BRF:2
BRH:0
end_of_record
TN:
SF:src/middleware/acl.js
FN:3,(anonymous_0)
FN:5,(anonymous_1)
FNF:2
FNH:2
FNDA:6,(anonymous_0)
FNDA:5,(anonymous_1)
DA:3,1
DA:5,6
DA:7,5
DA:8,5
DA:9,5
DA:12,0
DA:15,0
LF:7
LH:5
BRDA:8,0,0,5
BRDA:8,0,1,0
BRF:2
BRH:1
end_of_record
TN:
SF:src/middleware/basic.js
FN:6,(anonymous_0)
FN:20,_authError
FNF:2
FNH:1
FNDA:1,(anonymous_0)
FNDA:0,_authError
DA:3,1
DA:4,1
DA:6,1
DA:8,1
DA:10,1
DA:11,1
DA:13,1
DA:14,1
DA:15,1
DA:17,0
DA:21,0
LF:11
LH:9
BRDA:8,0,0,0
BRDA:8,0,1,1
BRF:2
BRH:1
end_of_record
TN:
SF:src/middleware/bearer.js
FN:5,(anonymous_0)
FN:22,_authError
FNF:2
FNH:1
FNDA:5,(anonymous_0)
FNDA:0,_authError
DA:3,1
DA:5,1
DA:7,5
DA:9,5
DA:11,5
DA:12,5
DA:13,5
DA:14,5
DA:15,5
DA:16,5
DA:19,0
DA:23,0
LF:12
LH:10
BRDA:9,0,0,0
BRDA:9,0,1,5
BRF:2
BRH:1
end_of_record
TN:
SF:src/middleware/logger.js
FN:5,(anonymous_0)
FNF:1
FNH:1
FNDA:17,(anonymous_0)
DA:5,1
DA:6,17
DA:9,17
DA:12,1
LF:4
LH:4
BRF:0
BRH:0
end_of_record
TN:
SF:src/models/data-collection.js
FN:9,(anonymous_0)
FN:13,(anonymous_1)
FN:22,(anonymous_2)
FN:26,(anonymous_3)
FN:32,(anonymous_4)
FNF:5
FNH:5
FNDA:2,(anonymous_0)
FNDA:4,(anonymous_1)
FNDA:3,(anonymous_2)
FNDA:1,(anonymous_3)
FNDA:2,(anonymous_4)
DA:10,2
DA:14,4
DA:15,2
DA:18,2
DA:23,3
DA:26,2
DA:27,1
DA:28,1
DA:33,2
DA:38,1
LF:10
LH:10
BRDA:14,0,0,2
BRDA:14,0,1,2
BRF:2
BRH:2
end_of_record
TN:
SF:src/models/index.js
FNF:0
FNH:0
DA:2,1
DA:3,1
DA:4,1
DA:5,1
DA:6,1
DA:7,1
DA:9,1
DA:10,1
DA:22,1
DA:23,1
DA:24,1
DA:26,1
LF:12
LH:12
BRDA:9,0,0,1
BRDA:9,0,1,0
BRDA:10,1,0,0
BRDA:10,1,1,1
BRF:4
BRH:2
end_of_record
TN:
SF:src/models/clothes/model.js
FN:3,(anonymous_0)
FNF:1
FNH:1
FNDA:1,(anonymous_0)
DA:3,1
DA:9,1
LF:2
LH:2
BRF:0
BRH:0
end_of_record
TN:
SF:src/models/food/model.js
FN:3,(anonymous_0)
FNF:1
FNH:1
FNDA:1,(anonymous_0)
DA:3,1
DA:9,1
LF:2
LH:2
BRF:0
BRH:0
end_of_record
TN:
SF:src/models/users/users.js
FN:8,(anonymous_0)
FN:15,(anonymous_1)
FN:18,(anonymous_2)
FN:25,(anonymous_3)
FN:37,(anonymous_4)
FN:42,(anonymous_5)
FN:49,(anonymous_6)
FNF:7
FNH:6
FNDA:1,(anonymous_0)
FNDA:17,(anonymous_1)
FNDA:0,(anonymous_2)
FNDA:11,(anonymous_3)
FNDA:5,(anonymous_4)
FNDA:1,(anonymous_5)
FNDA:5,(anonymous_6)
DA:3,1
DA:4,1
DA:6,1
DA:8,1
DA:9,1
DA:16,17
DA:19,0
DA:20,0
DA:26,11
DA:32,11
DA:37,1
DA:38,5
DA:39,5
DA:42,1
DA:43,1
DA:44,1
DA:45,1
DA:46,0
DA:49,1
DA:50,5
DA:51,5
DA:52,5
DA:54,5
DA:55,0
DA:57,0
DA:61,1
DA:64,1
LF:27
LH:22
BRDA:6,0,0,1
BRDA:6,0,1,1
BRDA:45,1,0,1
BRDA:45,1,1,0
BRDA:54,2,0,5
BRDA:54,2,1,0
BRF:6
BRH:4
end_of_record
TN:
SF:src/routes/V2.js
FN:12,(anonymous_0)
FN:29,handleGetAll
FN:34,handleGetOne
FN:40,handleCreate
FN:46,handleUpdate
FN:53,handleDelete
FNF:6
FNH:5
FNDA:5,(anonymous_0)
FNDA:1,handleGetAll
FNDA:1,handleGetOne
FNDA:2,handleCreate
FNDA:0,handleUpdate
FNDA:1,handleDelete
DA:3,1
DA:4,1
DA:6,1
DA:8,1
DA:9,1
DA:10,1
DA:12,1
DA:13,5
DA:14,5
DA:15,5
DA:16,5
DA:17,5
DA:19,0
DA:23,1
DA:24,1
DA:25,1
DA:26,1
DA:27,1
DA:30,1
DA:31,1
DA:35,1
DA:36,1
DA:37,1
DA:41,2
DA:42,2
DA:43,2
DA:47,0
DA:48,0
DA:49,0
DA:50,0
DA:54,1
DA:55,1
DA:56,1
DA:60,1
LF:34
LH:29
BRDA:14,0,0,5
BRDA:14,0,1,0
BRF:2
BRH:1
end_of_record
TN:
SF:src/routes/routes.js
FN:11,(anonymous_0)
FN:24,(anonymous_1)
FN:32,(anonymous_2)
FN:34,(anonymous_3)
FN:38,(anonymous_4)
FNF:5
FNH:2
FNDA:5,(anonymous_0)
FNDA:1,(anonymous_1)
FNDA:0,(anonymous_2)
FNDA:0,(anonymous_3)
FNDA:0,(anonymous_4)
DA:3,1
DA:4,1
DA:6,1
DA:7,1
DA:8,1
DA:9,1
DA:11,1
DA:12,5
DA:13,5
DA:14,5
DA:18,5
DA:20,0
DA:24,1
DA:25,1
DA:29,1
DA:32,1
DA:33,0
DA:34,0
DA:35,0
DA:38,1
DA:39,0
DA:42,1
LF:22
LH:17
BRF:0
BRH:0
end_of_record
TN:
SF:src/routes/v1.js
FN:12,(anonymous_0)
FN:29,handleGetAll
FN:34,handleGetOne
FN:40,handleCreate
FN:46,handleUpdate
FN:53,handleDelete
FNF:6
FNH:6
FNDA:5,(anonymous_0)
FNDA:1,handleGetAll
FNDA:1,handleGetOne
FNDA:1,handleCreate
FNDA:1,handleUpdate
FNDA:1,handleDelete
DA:3,1
DA:4,1
DA:6,1
DA:8,1
DA:9,1
DA:10,1
DA:12,1
DA:13,5
DA:14,5
DA:15,5
DA:16,5
DA:17,5
DA:19,0
DA:23,1
DA:24,1
DA:25,1
DA:26,1
DA:27,1
DA:30,1
DA:31,1
DA:35,1
DA:36,1
DA:37,1
DA:41,1
DA:42,1
DA:43,1
DA:47,1
DA:48,1
DA:49,1
DA:50,1
DA:54,1
DA:55,1
DA:56,1
DA:60,1
LF:34
LH:33
BRDA:14,0,0,5
BRDA:14,0,1,0
BRF:2
BRH:1
end_of_record
